Collecting pycparser
  Downloading pycparser-2.20-py2.py3-none-any.whl (112 kB)
Building wheels for collected packages: numpy, PyPDF2, pytesseract, pdfplumber, pdftotext, python-pptx, docx2txt, EbookLib, fire, python-docx, tzlocal, olefile, termcolor
  Building wheel for numpy (setup.py): started
  Building wheel for numpy (setup.py): still running...
  Building wheel for numpy (setup.py): finished with status 'done'
  Created wheel for numpy: filename=numpy-1.16.0-cp38-cp38-linux_x86_64.whl size=13744198 sha256=8afc30af5b06b56ef346e44fe4ca3ecfd6803e6b4ed7f51e83085f20c0140c18
  Stored in directory: /tmp/pip-ephem-wheel-cache-xvwp60cz/wheels/c5/a6/d6/2536b5494229466ff36f7dbd86a478d9c72d241e10df7ac041
  Building wheel for PyPDF2 (setup.py): started
  Building wheel for PyPDF2 (setup.py): finished with status 'done'
  Created wheel for PyPDF2: filename=PyPDF2-1.26.0-py3-none-any.whl size=61084 sha256=510b4287385b6ece11dacca4e764e69b2f1f9165043d9cdc7a9ae1f900ea7beb
  Stored in directory: /tmp/pip-ephem-wheel-cache-xvwp60cz/wheels/b1/1a/8f/a4c34be976825a2f7948d0fa40907598d69834f8ab5889de11
  Building wheel for pytesseract (setup.py): started
  Building wheel for pytesseract (setup.py): finished with status 'done'
  Created wheel for pytesseract: filename=pytesseract-0.3.7-py2.py3-none-any.whl size=13946 sha256=a28623c3556a02b9d679134ae8bad90d52da3549ca0045b4c445f59ff28efb99
  Stored in directory: /tmp/pip-ephem-wheel-cache-xvwp60cz/wheels/ac/5b/f4/d5bcc930771126a32285e058c576eda84e43691453a9f7ad71
  Building wheel for pdfplumber (setup.py): started
  Building wheel for pdfplumber (setup.py): finished with status 'done'
  Created wheel for pdfplumber: filename=pdfplumber-0.5.25-py3-none-any.whl size=31558 sha256=e354617c1cc71db0455c6553678a6b04bd7a38941d69388571a4e49f9090619e
  Stored in directory: /tmp/pip-ephem-wheel-cache-xvwp60cz/wheels/00/d3/9b/5b303fd5b260997950261b3ad39fe2804f2e6362d6128c8044
  Building wheel for pdftotext (setup.py): started
  Building wheel for pdftotext (setup.py): finished with status 'error'
  ERROR: Command errored out with exit status 1:
   command: /usr/local/bin/python -u -c 'import sys, setuptools, tokenize; sys.argv[0] = '"'"'/tmp/pip-install-dlgbbmxc/pdftotext/setup.py'"'"'; __file__='"'"'/tmp/pip-install-dlgbbmxc/pdftotext/setup.py'"'"';f=getattr(tokenize, '"'"'open'"'"', open)(__file__);code=f.read().replace('"'"'\r\n'"'"', '"'"'\n'"'"');f.close();exec(compile(code, __file__, '"'"'exec'"'"'))' bdist_wheel -d /tmp/pip-wheel-0rfxci5q
       cwd: /tmp/pip-install-dlgbbmxc/pdftotext/
  Complete output (12 lines):
  running bdist_wheel
  running build
  running build_ext
  building 'pdftotext' extension
  creating build
  creating build/temp.linux-x86_64-3.8
  gcc -pthread -Wno-unused-result -Wsign-compare -DNDEBUG -g -fwrapv -O3 -Wall -fPIC -DPOPPLER_CPP_AT_LEAST_0_30_0=0 -I/usr/local/include/python3.8 -c pdftotext.cpp -o build/temp.linux-x86_64-3.8/pdftotext.o -Wall
  pdftotext.cpp:3:10: fatal error: poppler/cpp/poppler-document.h: No such file or directory
   #include <poppler/cpp/poppler-document.h>
            ^~~~~~~~~~~~~~~~~~~~~~~~~~~~~~~~
  compilation terminated.
  error: command 'gcc' failed with exit status 1
  ----------------------------------------
  ERROR: Failed building wheel for pdftotext
  Running setup.py clean for pdftotext
  Building wheel for python-pptx (setup.py): started
  Building wheel for python-pptx (setup.py): finished with status 'done'
  Created wheel for python-pptx: filename=python_pptx-0.6.18-py3-none-any.whl size=275703 sha256=e035ed26376477a1713fa37dd6300d0f442c40faad4a643c42aa42c4432098d6
  Stored in directory: /tmp/pip-ephem-wheel-cache-xvwp60cz/wheels/11/2b/97/d82ca57932fa62d52c723024419c5ec3b7c0f7ecf0a0f06332
  Building wheel for docx2txt (setup.py): started
  Building wheel for docx2txt (setup.py): finished with status 'done'
  Created wheel for docx2txt: filename=docx2txt-0.8-py3-none-any.whl size=3963 sha256=3b258b8ea0b94f92ef45bf97adcdda4955e452a49109f8093331201a17266431
  Stored in directory: /tmp/pip-ephem-wheel-cache-xvwp60cz/wheels/55/f0/2c/81637d42670985178b77df6d41b9b6c6dc18c94818447414b9
  Building wheel for EbookLib (setup.py): started
  Building wheel for EbookLib (setup.py): finished with status 'done'
  Created wheel for EbookLib: filename=EbookLib-0.17.1-py3-none-any.whl size=38164 sha256=edf674e6c1f1665bde9f71840f08537e4844235026460bc2ec6b66b992191a39
  Stored in directory: /tmp/pip-ephem-wheel-cache-xvwp60cz/wheels/b4/eb/66/00c65b5bbf31ec34329090ec9fe8c8a8d9cb7a3a3d93841386
  Building wheel for fire (setup.py): started
  Building wheel for fire (setup.py): finished with status 'done'
  Created wheel for fire: filename=fire-0.3.1-py2.py3-none-any.whl size=111005 sha256=a3ff98b1879f602ccf8599334c06875ba88711a0d7c3c4c86a130044065d7a32
  Stored in directory: /tmp/pip-ephem-wheel-cache-xvwp60cz/wheels/35/a0/e2/7c4d0cd36f74f5ca64306f2553b3438af7d158e359a17e8382
  Building wheel for python-docx (setup.py): started
  Building wheel for python-docx (setup.py): finished with status 'done'
  Created wheel for python-docx: filename=python_docx-0.8.10-py3-none-any.whl size=184489 sha256=1cfd4175ce883cd30d5a63639ed3f878c321f6eefd6769b2867273f04a93ae63
  Stored in directory: /tmp/pip-ephem-wheel-cache-xvwp60cz/wheels/97/4c/2e/68066cbf12b9b2e66403da8982aaf4f656d9f5cb5dc3179e82
  Building wheel for tzlocal (setup.py): started
  Building wheel for tzlocal (setup.py): finished with status 'done'
  Created wheel for tzlocal: filename=tzlocal-1.5.1-py3-none-any.whl size=17543 sha256=094e522e4eeaa8479712aa257d7b47843b6f4437cdb2a901e2a72e3bb3b3702a
  Stored in directory: /tmp/pip-ephem-wheel-cache-xvwp60cz/wheels/3a/14/ce/9c504116f6b89e4a05ce0bc0f41983df280d7e00f463481900
  Building wheel for olefile (setup.py): started
  Building wheel for olefile (setup.py): finished with status 'done'
  Created wheel for olefile: filename=olefile-0.46-py2.py3-none-any.whl size=35417 sha256=4a1703d21d08bd13709e5b366676243c9b46cb769604a1fc44f34c61a1d0a942
  Stored in directory: /tmp/pip-ephem-wheel-cache-xvwp60cz/wheels/0b/d8/16/1e2d32ad7455728b8af9efdb9d2a0c3d03cd8f2e4be0191b8c
  Building wheel for termcolor (setup.py): started
  Building wheel for termcolor (setup.py): finished with status 'done'
  Created wheel for termcolor: filename=termcolor-1.1.0-py3-none-any.whl size=4830 sha256=8366536018892a605e273e0bf2cf3bdac5047b8a9ce763d26de922ae10b5af44
  Stored in directory: /tmp/pip-ephem-wheel-cache-xvwp60cz/wheels/a0/16/9c/5473df82468f958445479c59e784896fa24f4a5fc024b0f501
Successfully built numpy PyPDF2 pytesseract pdfplumber python-pptx docx2txt EbookLib fire python-docx tzlocal olefile termcolor
Failed to build pdftotext
ERROR: pdfplumber 0.5.25 has requirement pdfminer.six==20200517, but you'll have pdfminer-six 20201018 which is incompatible.
ERROR: textract 1.6.3 has requirement pdfminer.six==20181108, but you'll have pdfminer-six 20201018 which is incompatible.
Installing collected packages: Pillow, numpy, PyPDF2, pytesseract, six, python-dateutil, pytz, pandas, distro, tabula-py, pycparser, cffi, cryptography, chardet, sortedcontainers, pdfminer.six, Wand, pdfplumber, urllib3, selenium, tzlocal, olefile, imapclient, extract-msg, soupsieve, beautifulsoup4, SpeechRecognition, lxml, XlsxWriter, python-pptx, argcomplete, docx2txt, EbookLib, xlrd, textract, pdftotext, termcolor, fire, python-docx, PyMuPDF, pdf2docx, pdf2image, pickleshare, cloudpickle, cachetools, pyasn1, rsa, pyasn1-modules, google-auth, httplib2, google-auth-httplib2, idna, certifi, requests, oauthlib, requests-oauthlib, google-auth-oauthlib, protobuf, googleapis-common-protos, google-api-core, uritemplate, google-api-python-client
    Running setup.py install for pdftotext: started
    Running setup.py install for pdftotext: finished with status 'error'
    ERROR: Command errored out with exit status 1:
     command: /usr/local/bin/python -u -c 'import sys, setuptools, tokenize; sys.argv[0] = '"'"'/tmp/pip-install-dlgbbmxc/pdftotext/setup.py'"'"'; __file__='"'"'/tmp/pip-install-dlgbbmxc/pdftotext/setup.py'"'"';f=getattr(tokenize, '"'"'open'"'"', open)(__file__);code=f.read().replace('"'"'\r\n'"'"', '"'"'\n'"'"');f.close();exec(compile(code, __file__, '"'"'exec'"'"'))' install --record /tmp/pip-record-h1_y8rfv/install-record.txt --single-version-externally-managed --compile --install-headers /usr/local/include/python3.8/pdftotext
         cwd: /tmp/pip-install-dlgbbmxc/pdftotext/
    Complete output (12 lines):
    running install
    running build
    running build_ext
    building 'pdftotext' extension
    creating build
    creating build/temp.linux-x86_64-3.8
    gcc -pthread -Wno-unused-result -Wsign-compare -DNDEBUG -g -fwrapv -O3 -Wall -fPIC -DPOPPLER_CPP_AT_LEAST_0_30_0=0 -I/usr/local/include/python3.8 -c pdftotext.cpp -o build/temp.linux-x86_64-3.8/pdftotext.o -Wall
    pdftotext.cpp:3:10: fatal error: poppler/cpp/poppler-document.h: No such file or directory
     #include <poppler/cpp/poppler-document.h>
              ^~~~~~~~~~~~~~~~~~~~~~~~~~~~~~~~
    compilation terminated.
    error: command 'gcc' failed with exit status 1
    ----------------------------------------
ERROR: Command errored out with exit status 1: /usr/local/bin/python -u -c 'import sys, setuptools, tokenize; sys.argv[0] = '"'"'/tmp/pip-install-dlgbbmxc/pdftotext/setup.py'"'"'; __file__='"'"'/tmp/pip-install-dlgbbmxc/pdftotext/setup.py'"'"';f=getattr(tokenize, '"'"'open'"'"', open)(__file__);code=f.read().replace('"'"'\r\n'"'"', '"'"'\n'"'"');f.close();exec(compile(code, __file__, '"'"'exec'"'"'))' install --record /tmp/pip-record-h1_y8rfv/install-record.txt --single-version-externally-managed --compile --install-headers /usr/local/include/python3.8/pdftotext Check the logs for full command output.
WARNING: You are using pip version 20.1; however, version 20.3.3 is available.
You should consider upgrading via the '/usr/local/bin/python -m pip install --upgrade pip' command.
The command '/bin/sh -c pip install --no-cache-dir -r requirements.txt' returned a non-zero code: 1